Using pre-set license
Built from '2021.1/staging' branch; Version is '2021.1.14f1 (51d2f824827f) revision 5362424'; Using compiler version '192528614'; Build Type 'Release'
OS: 'Windows 10 Pro; OS build 19042.1110; Version 2009; 64bit' Language: 'es' Physical Memory: 7644 MB
BatchMode: 1, IsHumanControllingUs: 0, StartBugReporterOnCrash: 0, Is64bit: 1, IsPro: 0

 COMMAND LINE ARGUMENTS:
H:\2021.1.14f1\Editor\Unity.exe
-adb2
-batchMode
-noUpm
-name
AssetImportWorker1
-projectPath
H:/curso unity pruebas/Videojuego-2D/AlienVsBallon
-logFile
Logs/AssetImportWorker1.log
-srvPort
54813
Successfully changed project path to: H:/curso unity pruebas/Videojuego-2D/AlienVsBallon
H:/curso unity pruebas/Videojuego-2D/AlienVsBallon
Using Asset Import Pipeline V2.
Refreshing native plugins compatible for Editor in 104.06 ms, found 3 plugins.
Preloading 0 native plugins for Editor in 0.00 ms.
Initialize engine version: 2021.1.14f1 (51d2f824827f)
[Subsystems] Discovering subsystems at path H:/2021.1.14f1/Editor/Data/Resources/UnitySubsystems
[Subsystems] Discovering subsystems at path H:/curso unity pruebas/Videojuego-2D/AlienVsBallon/Assets
GfxDevice: creating device client; threaded=0; jobified=0
Direct3D:
    Version:  Direct3D 11.0 [level 11.1]
    Renderer: AMD Radeon R9 200 Series (ID=0x6810)
    Vendor:   ATI
    VRAM:     2027 MB
    Driver:   27.20.21002.112
Initialize mono
Mono path[0] = 'H:/2021.1.14f1/Editor/Data/Managed'
Mono path[1] = 'H:/2021.1.14f1/Editor/Data/MonoBleedingEdge/lib/mono/unityjit'
Mono config path = 'H:/2021.1.14f1/Editor/Data/MonoBleedingEdge/etc'
Using monoOptions --debugger-agent=transport=dt_socket,embedding=1,server=y,suspend=n,address=127.0.0.1:56732
Begin MonoManager ReloadAssembly
Registering precompiled unity dll's ...
Register platform support module: H:/2021.1.14f1/Editor/Data/PlaybackEngines/WebGLSupport/UnityEditor.WebGL.Extensions.dll
Register platform support module: H:/2021.1.14f1/Editor/Data/PlaybackEngines/WindowsStandaloneSupport/UnityEditor.WindowsStandalone.Extensions.dll
Registered in 0.002187 seconds.
Native extension for WindowsStandalone target not found
Native extension for WebGL target not found
Refreshing native plugins compatible for Editor in 83.92 ms, found 3 plugins.
Preloading 0 native plugins for Editor in 0.00 ms.
Mono: successfully reloaded assembly
- Completed reload, in  2.491 seconds
Domain Reload Profiling:
	ReloadAssembly (2491ms)
		BeginReloadAssembly (106ms)
			ExecutionOrderSort (0ms)
			DisableScriptedObjects (0ms)
			BackupInstance (0ms)
			ReleaseScriptingObjects (0ms)
			CreateAndSetChildDomain (2ms)
		EndReloadAssembly (1196ms)
			LoadAssemblies (106ms)
			RebuildTransferFunctionScriptingTraits (0ms)
			SetupTypeCache (425ms)
			ReleaseScriptCaches (0ms)
			RebuildScriptCaches (110ms)
			SetupLoadedEditorAssemblies (483ms)
				LogAssemblyErrors (0ms)
				InitializePlatformSupportModulesInManaged (18ms)
				SetLoadedEditorAssemblies (0ms)
				RefreshPlugins (84ms)
				BeforeProcessingInitializeOnLoad (3ms)
				ProcessInitializeOnLoadAttributes (233ms)
				ProcessInitializeOnLoadMethodAttributes (142ms)
				AfterProcessingInitializeOnLoad (0ms)
				EditorAssembliesLoaded (2ms)
			ExecutionOrderSort2 (0ms)
			AwakeInstancesAfterBackupRestoration (0ms)
Platform modules already initialized, skipping
Registering precompiled user dll's ...
Registered in 0.010456 seconds.
Begin MonoManager ReloadAssembly
Native extension for WindowsStandalone target not found
Native extension for WebGL target not found
Refreshing native plugins compatible for Editor in 81.66 ms, found 3 plugins.
Preloading 0 native plugins for Editor in 0.00 ms.
Mono: successfully reloaded assembly
- Completed reload, in  3.136 seconds
Domain Reload Profiling:
	ReloadAssembly (3138ms)
		BeginReloadAssembly (310ms)
			ExecutionOrderSort (0ms)
			DisableScriptedObjects (12ms)
			BackupInstance (0ms)
			ReleaseScriptingObjects (0ms)
			CreateAndSetChildDomain (40ms)
		EndReloadAssembly (2685ms)
			LoadAssemblies (430ms)
			RebuildTransferFunctionScriptingTraits (0ms)
			SetupTypeCache (894ms)
			ReleaseScriptCaches (1ms)
			RebuildScriptCaches (119ms)
			SetupLoadedEditorAssemblies (930ms)
				LogAssemblyErrors (0ms)
				InitializePlatformSupportModulesInManaged (13ms)
				SetLoadedEditorAssemblies (2ms)
				RefreshPlugins (82ms)
				BeforeProcessingInitializeOnLoad (111ms)
				ProcessInitializeOnLoadAttributes (684ms)
				ProcessInitializeOnLoadMethodAttributes (34ms)
				AfterProcessingInitializeOnLoad (4ms)
				EditorAssembliesLoaded (0ms)
			ExecutionOrderSort2 (0ms)
			AwakeInstancesAfterBackupRestoration (16ms)
Platform modules already initialized, skipping
========================================================================
Worker process is ready to serve import requests
Launched and connected shader compiler UnityShaderCompiler.exe after 0.29 seconds
Refreshing native plugins compatible for Editor in 0.79 ms, found 3 plugins.
Preloading 0 native plugins for Editor in 0.00 ms.
Unloading 2108 Unused Serialized files (Serialized files now loaded: 0)
System memory in use before: 95.0 MB.
System memory in use after: 95.1 MB.

Unloading 28 unused Assets to reduce memory usage. Loaded Objects now: 2561.
Total: 50.194717 ms (FindLiveObjects: 0.367644 ms CreateObjectMapping: 0.110489 ms MarkObjects: 49.590451 ms  DeleteObjects: 0.119289 ms)

AssetImportParameters requested are different than current active one (requested -> active):
  custom:framework-win-MediaFoundation: 216162199b28c13a410421893ffa2e32 -> 
  custom:video-decoder-ogg-theora: a1e56fd34408186e4bbccfd4996cb3dc -> 
  custom:container-muxer-webm: aa71ff27fc2769a1b78a27578f13a17b -> 
  custom:container-demuxer-webm: 4f35f7cbe854078d1ac9338744f61a02 -> 
  custom:container-demuxer-ogg: 62fdf1f143b41e24485cea50d1cbac27 -> 
  custom:video-encoder-webm-vp8: eb34c28f22e8b96e1ab97ce403110664 -> 
  custom:video-decoder-webm-vp8: 9c59270c3fd7afecdb556c50c9e8de78 -> 
  custom:audio-decoder-ogg-vorbis: bf7c407c2cedff20999df2af8eb42d56 -> 
  custom:audio-encoder-webm-vorbis: bf7c407c2cedff20999df2af8eb42d56 -> 
========================================================================
Received Import Request.
  path: Assets/Sprites/globorosado.png
  artifactKey: Guid(1ad6b65708ed0b04ea8217d174df49b1) Importer(815301076,1909f56bfc062723c751e8b465ee728b)
Start importing Assets/Sprites/globorosado.png using Guid(1ad6b65708ed0b04ea8217d174df49b1) Importer(815301076,1909f56bfc062723c751e8b465ee728b)  -> (artifact id: '5322389910661a6a44bedf83b00ce625') in 0.812727 seconds 
========================================================================
Received Import Request.
  Time since last request: 0.000412 seconds.
  path: Assets/BackGrounds
  artifactKey: Guid(1a40e16abe2c4924a90ad6795eaff92f) Importer(815301076,1909f56bfc062723c751e8b465ee728b)
Start importing Assets/BackGrounds using Guid(1a40e16abe2c4924a90ad6795eaff92f) Importer(815301076,1909f56bfc062723c751e8b465ee728b)  -> (artifact id: '3243563b18e6369592f51d5ebe840f93') in 0.015229 seconds 
========================================================================
Received Import Request.
  Time since last request: 0.000520 seconds.
  path: Assets/Sprites/globonaranja.png
  artifactKey: Guid(7cccca569e24d154c9b4a44588ac2cf0) Importer(815301076,1909f56bfc062723c751e8b465ee728b)
Start importing Assets/Sprites/globonaranja.png using Guid(7cccca569e24d154c9b4a44588ac2cf0) Importer(815301076,1909f56bfc062723c751e8b465ee728b)  -> (artifact id: '44706516f55379b703ba0aadfa920238') in 0.054731 seconds 
========================================================================
Received Import Request.
  Time since last request: 0.000382 seconds.
  path: Assets/Sprites/globoazulpng.png
  artifactKey: Guid(d20f507afa56d1448886c5ccd3235334) Importer(815301076,1909f56bfc062723c751e8b465ee728b)
Start importing Assets/Sprites/globoazulpng.png using Guid(d20f507afa56d1448886c5ccd3235334) Importer(815301076,1909f56bfc062723c751e8b465ee728b)  -> (artifact id: 'a5f946317534ed4dc0d5e7f6ec9305ad') in 0.027432 seconds 
========================================================================
Received Import Request.
  Time since last request: 0.000370 seconds.
  path: Assets/Sprites/goblomarron.png
  artifactKey: Guid(7bcad312c266f2d4495e467780c7d2e8) Importer(815301076,1909f56bfc062723c751e8b465ee728b)
Start importing Assets/Sprites/goblomarron.png using Guid(7bcad312c266f2d4495e467780c7d2e8) Importer(815301076,1909f56bfc062723c751e8b465ee728b)  -> (artifact id: '900926ee373ce64b2e019b4e754bb1db') in 0.023002 seconds 
========================================================================
Received Import Request.
  Time since last request: 0.000122 seconds.
  path: Assets/Scenes
  artifactKey: Guid(d7181598dc3ae52418017f564faee9e1) Importer(815301076,1909f56bfc062723c751e8b465ee728b)
Start importing Assets/Scenes using Guid(d7181598dc3ae52418017f564faee9e1) Importer(815301076,1909f56bfc062723c751e8b465ee728b)  -> (artifact id: 'fae0fe7a1a14a2ecfb1f0824270ab7ae') in 0.014646 seconds 
========================================================================
Received Import Request.
  Time since last request: 0.000294 seconds.
  path: Assets/Sprites/globoamarillo.png
  artifactKey: Guid(9828591b65b9dc547b3aead7a94fc516) Importer(815301076,1909f56bfc062723c751e8b465ee728b)
Start importing Assets/Sprites/globoamarillo.png using Guid(9828591b65b9dc547b3aead7a94fc516) Importer(815301076,1909f56bfc062723c751e8b465ee728b)  -> (artifact id: 'a0d61b94b308f3afde20edeb740ade85') in 0.028920 seconds 
========================================================================
Received Import Request.
  Time since last request: 0.000301 seconds.
  path: Assets/Sprites/globolimon.png
  artifactKey: Guid(767f93068cadbfe4f9088094048d4899) Importer(815301076,1909f56bfc062723c751e8b465ee728b)
Start importing Assets/Sprites/globolimon.png using Guid(767f93068cadbfe4f9088094048d4899) Importer(815301076,1909f56bfc062723c751e8b465ee728b)  -> (artifact id: '40b357b7b75c39cb934ae6d20129e0dc') in 0.019747 seconds 
========================================================================
Received Import Request.
  Time since last request: 0.000459 seconds.
  path: Assets/Sprites/globomorado.png
  artifactKey: Guid(d049e394322e0e348beb368aaad75618) Importer(815301076,1909f56bfc062723c751e8b465ee728b)
Start importing Assets/Sprites/globomorado.png using Guid(d049e394322e0e348beb368aaad75618) Importer(815301076,1909f56bfc062723c751e8b465ee728b)  -> (artifact id: '7042270c0308e3d0fac7815e746bcec5') in 0.020940 seconds 
========================================================================
Received Import Request.
  Time since last request: 0.000310 seconds.
  path: Assets/Sprites/goblogris.png
  artifactKey: Guid(f3054ae6b8e68354abd5c42299c15ad5) Importer(815301076,1909f56bfc062723c751e8b465ee728b)
Start importing Assets/Sprites/goblogris.png using Guid(f3054ae6b8e68354abd5c42299c15ad5) Importer(815301076,1909f56bfc062723c751e8b465ee728b)  -> (artifact id: 'e3367b122fb47b21ca05b65657795569') in 0.019436 seconds 
========================================================================
Received Import Request.
  Time since last request: 0.000355 seconds.
  path: Assets/Sprites/globorojo.png
  artifactKey: Guid(188013b9177d1eb418855a5f6ccaf71f) Importer(815301076,1909f56bfc062723c751e8b465ee728b)
Start importing Assets/Sprites/globorojo.png using Guid(188013b9177d1eb418855a5f6ccaf71f) Importer(815301076,1909f56bfc062723c751e8b465ee728b)  -> (artifact id: '4a4656689f6f73695e7f41df9d09ac5e') in 0.032169 seconds 
========================================================================
Received Import Request.
  Time since last request: 0.000331 seconds.
  path: Assets/Sprites
  artifactKey: Guid(89479c2f7768ba54f97a30801a665f0e) Importer(815301076,1909f56bfc062723c751e8b465ee728b)
Start importing Assets/Sprites using Guid(89479c2f7768ba54f97a30801a665f0e) Importer(815301076,1909f56bfc062723c751e8b465ee728b)  -> (artifact id: 'b50f6635a501d80e55565b6467a7c66e') in 0.010188 seconds 
========================================================================
Received Import Request.
  Time since last request: 0.000356 seconds.
  path: Assets/Sprites/globoverde.png
  artifactKey: Guid(2fe46b80b5810ed409e9c333b46b49fc) Importer(815301076,1909f56bfc062723c751e8b465ee728b)
Start importing Assets/Sprites/globoverde.png using Guid(2fe46b80b5810ed409e9c333b46b49fc) Importer(815301076,1909f56bfc062723c751e8b465ee728b)  -> (artifact id: 'a30bf588e4657fdee71b12ac705266c4') in 0.020673 seconds 
========================================================================
Received Import Request.
  Time since last request: 26.444838 seconds.
  path: Assets/BackGrounds/desertico.jpg
  artifactKey: Guid(28d6b5010effd0f42a918324c92aff78) Importer(815301076,1909f56bfc062723c751e8b465ee728b)
Start importing Assets/BackGrounds/desertico.jpg using Guid(28d6b5010effd0f42a918324c92aff78) Importer(815301076,1909f56bfc062723c751e8b465ee728b)  -> (artifact id: 'a5efda929a7749c1359978644a948a7f') in 0.147263 seconds 
========================================================================
Received Import Request.
  Time since last request: 0.000783 seconds.
  path: Assets/BackGrounds/despejado2.png
  artifactKey: Guid(209bebfea25ac1e44a17526b28e359a2) Importer(815301076,1909f56bfc062723c751e8b465ee728b)
Start importing Assets/BackGrounds/despejado2.png using Guid(209bebfea25ac1e44a17526b28e359a2) Importer(815301076,1909f56bfc062723c751e8b465ee728b)  -> (artifact id: '87c27d2e2dc06653b588945311b85daa') in 0.078994 seconds 
========================================================================
Received Import Request.
  Time since last request: 0.000324 seconds.
  path: Assets/BackGrounds/noche.png
  artifactKey: Guid(e0639993079a4634eb8aa3462e79c9af) Importer(815301076,1909f56bfc062723c751e8b465ee728b)
Start importing Assets/BackGrounds/noche.png using Guid(e0639993079a4634eb8aa3462e79c9af) Importer(815301076,1909f56bfc062723c751e8b465ee728b)  -> (artifact id: 'de1c9afd53103d141703a2e062da6e43') in 0.247205 seconds 
========================================================================
Received Import Request.
  Time since last request: 0.000330 seconds.
  path: Assets/BackGrounds/noche2.png
  artifactKey: Guid(8612a614c532f5840a0d1fb71ee382e9) Importer(815301076,1909f56bfc062723c751e8b465ee728b)
Start importing Assets/BackGrounds/noche2.png using Guid(8612a614c532f5840a0d1fb71ee382e9) Importer(815301076,1909f56bfc062723c751e8b465ee728b)  -> (artifact id: 'b0f1d1e4daa2e779f9f4066d62a3bdf0') in 0.096159 seconds 
========================================================================
Received Import Request.
  Time since last request: 0.000348 seconds.
  path: Assets/BackGrounds/despejado.jpg
  artifactKey: Guid(00b5d53b2fa85134dabfe3254aeaf466) Importer(815301076,1909f56bfc062723c751e8b465ee728b)
Start importing Assets/BackGrounds/despejado.jpg using Guid(00b5d53b2fa85134dabfe3254aeaf466) Importer(815301076,1909f56bfc062723c751e8b465ee728b)  -> (artifact id: '00105e9c99810f0752317fbdaeafe559') in 0.090388 seconds 
========================================================================
Received Import Request.
  Time since last request: 14.078486 seconds.
  path: Assets
  artifactKey: Guid(00000000000000001000000000000000) Importer(815301076,1909f56bfc062723c751e8b465ee728b)
Start importing Assets using Guid(00000000000000001000000000000000) Importer(815301076,1909f56bfc062723c751e8b465ee728b)  -> (artifact id: '42d402b061de3733987d63b9cc3b64de') in 0.014364 seconds 
========================================================================
Received Import Request.
  Time since last request: 17.586484 seconds.
  path: Assets/Scripts
  artifactKey: Guid(34ee06f756b777e44abe263a5a5ee46a) Importer(815301076,1909f56bfc062723c751e8b465ee728b)
Start importing Assets/Scripts using Guid(34ee06f756b777e44abe263a5a5ee46a) Importer(815301076,1909f56bfc062723c751e8b465ee728b)  -> (artifact id: '61154d57c09702728c338ec6308ae750') in 0.015544 seconds 
========================================================================
Received Import Request.
  Time since last request: 54.876305 seconds.
  path: Assets/Sprites/pixil-frame-0_2.png
  artifactKey: Guid(efd070e246cd1254080c27503b66578c) Importer(815301076,1909f56bfc062723c751e8b465ee728b)
Start importing Assets/Sprites/pixil-frame-0_2.png using Guid(efd070e246cd1254080c27503b66578c) Importer(815301076,1909f56bfc062723c751e8b465ee728b)  -> (artifact id: 'cf56a76a0f00cf517c421fb65cfc7d53') in 0.039226 seconds 
========================================================================
Received Prepare
Registering precompiled user dll's ...
Registered in 0.008168 seconds.
Begin MonoManager ReloadAssembly
Native extension for WindowsStandalone target not found
Native extension for WebGL target not found
Refreshing native plugins compatible for Editor in 1.25 ms, found 3 plugins.
Preloading 0 native plugins for Editor in 0.00 ms.
Mono: successfully reloaded assembly
- Completed reload, in  2.720 seconds
Domain Reload Profiling:
	ReloadAssembly (2721ms)
		BeginReloadAssembly (352ms)
			ExecutionOrderSort (0ms)
			DisableScriptedObjects (19ms)
			BackupInstance (0ms)
			ReleaseScriptingObjects (0ms)
			CreateAndSetChildDomain (188ms)
		EndReloadAssembly (2235ms)
			LoadAssemblies (181ms)
			RebuildTransferFunctionScriptingTraits (0ms)
			SetupTypeCache (796ms)
			ReleaseScriptCaches (1ms)
			RebuildScriptCaches (86ms)
			SetupLoadedEditorAssemblies (763ms)
				LogAssemblyErrors (0ms)
				InitializePlatformSupportModulesInManaged (14ms)
				SetLoadedEditorAssemblies (2ms)
				RefreshPlugins (2ms)
				BeforeProcessingInitializeOnLoad (94ms)
				ProcessInitializeOnLoadAttributes (627ms)
				ProcessInitializeOnLoadMethodAttributes (19ms)
				AfterProcessingInitializeOnLoad (5ms)
				EditorAssembliesLoaded (0ms)
			ExecutionOrderSort2 (0ms)
			AwakeInstancesAfterBackupRestoration (43ms)
Platform modules already initialized, skipping
Refreshing native plugins compatible for Editor in 0.93 ms, found 3 plugins.
Preloading 0 native plugins for Editor in 0.00 ms.
Unloading 2115 Unused Serialized files (Serialized files now loaded: 0)
System memory in use before: 116.3 MB.
System memory in use after: 116.5 MB.

Unloading 16 unused Assets to reduce memory usage. Loaded Objects now: 2820.
Total: 4.274845 ms (FindLiveObjects: 0.401867 ms CreateObjectMapping: 0.132489 ms MarkObjects: 3.691600 ms  DeleteObjects: 0.042044 ms)

AssetImportParameters requested are different than current active one (requested -> active):
  custom:framework-win-MediaFoundation: 216162199b28c13a410421893ffa2e32 -> 
  custom:video-decoder-ogg-theora: a1e56fd34408186e4bbccfd4996cb3dc -> 
  custom:container-muxer-webm: aa71ff27fc2769a1b78a27578f13a17b -> 
  custom:container-demuxer-webm: 4f35f7cbe854078d1ac9338744f61a02 -> 
  custom:container-demuxer-ogg: 62fdf1f143b41e24485cea50d1cbac27 -> 
  custom:video-encoder-webm-vp8: eb34c28f22e8b96e1ab97ce403110664 -> 
  custom:video-decoder-webm-vp8: 9c59270c3fd7afecdb556c50c9e8de78 -> 
  custom:audio-decoder-ogg-vorbis: bf7c407c2cedff20999df2af8eb42d56 -> 
  custom:audio-encoder-webm-vorbis: bf7c407c2cedff20999df2af8eb42d56 -> 
========================================================================
Received Import Request.
  Time since last request: 196.155763 seconds.
  path: Assets/Scripts/Player.cs
  artifactKey: Guid(ba0c00494301e594292931df81709ee8) Importer(815301076,1909f56bfc062723c751e8b465ee728b)
Start importing Assets/Scripts/Player.cs using Guid(ba0c00494301e594292931df81709ee8) Importer(815301076,1909f56bfc062723c751e8b465ee728b)  -> (artifact id: '8aeaaf4948d157374906fb834ea3b06e') in 0.138704 seconds 
========================================================================
Received Prepare
Registering precompiled user dll's ...
Registered in 0.023509 seconds.
Begin MonoManager ReloadAssembly
Native extension for WindowsStandalone target not found
Native extension for WebGL target not found
Refreshing native plugins compatible for Editor in 1.23 ms, found 3 plugins.
Preloading 0 native plugins for Editor in 0.09 ms.
Mono: successfully reloaded assembly
- Completed reload, in  3.686 seconds
Domain Reload Profiling:
	ReloadAssembly (3687ms)
		BeginReloadAssembly (241ms)
			ExecutionOrderSort (0ms)
			DisableScriptedObjects (24ms)
			BackupInstance (0ms)
			ReleaseScriptingObjects (0ms)
			CreateAndSetChildDomain (76ms)
		EndReloadAssembly (3212ms)
			LoadAssemblies (192ms)
			RebuildTransferFunctionScriptingTraits (0ms)
			SetupTypeCache (824ms)
			ReleaseScriptCaches (2ms)
			RebuildScriptCaches (394ms)
			SetupLoadedEditorAssemblies (1242ms)
				LogAssemblyErrors (0ms)
				InitializePlatformSupportModulesInManaged (20ms)
				SetLoadedEditorAssemblies (2ms)
				RefreshPlugins (2ms)
				BeforeProcessingInitializeOnLoad (112ms)
				ProcessInitializeOnLoadAttributes (1074ms)
				ProcessInitializeOnLoadMethodAttributes (29ms)
				AfterProcessingInitializeOnLoad (5ms)
				EditorAssembliesLoaded (0ms)
			ExecutionOrderSort2 (0ms)
			AwakeInstancesAfterBackupRestoration (48ms)
Platform modules already initialized, skipping
Refreshing native plugins compatible for Editor in 0.79 ms, found 3 plugins.
Preloading 0 native plugins for Editor in 0.00 ms.
Unloading 2099 Unused Serialized files (Serialized files now loaded: 0)
System memory in use before: 115.6 MB.
System memory in use after: 115.8 MB.

Unloading 16 unused Assets to reduce memory usage. Loaded Objects now: 2824.
Total: 5.119156 ms (FindLiveObjects: 0.408711 ms CreateObjectMapping: 0.133467 ms MarkObjects: 4.532001 ms  DeleteObjects: 0.037644 ms)

AssetImportParameters requested are different than current active one (requested -> active):
  custom:framework-win-MediaFoundation: 216162199b28c13a410421893ffa2e32 -> 
  custom:video-decoder-ogg-theora: a1e56fd34408186e4bbccfd4996cb3dc -> 
  custom:container-muxer-webm: aa71ff27fc2769a1b78a27578f13a17b -> 
  custom:container-demuxer-webm: 4f35f7cbe854078d1ac9338744f61a02 -> 
  custom:container-demuxer-ogg: 62fdf1f143b41e24485cea50d1cbac27 -> 
  custom:video-encoder-webm-vp8: eb34c28f22e8b96e1ab97ce403110664 -> 
  custom:video-decoder-webm-vp8: 9c59270c3fd7afecdb556c50c9e8de78 -> 
  custom:audio-decoder-ogg-vorbis: bf7c407c2cedff20999df2af8eb42d56 -> 
  custom:audio-encoder-webm-vorbis: bf7c407c2cedff20999df2af8eb42d56 -> 
========================================================================
Received Prepare
Registering precompiled user dll's ...
Registered in 0.010155 seconds.
Begin MonoManager ReloadAssembly
Native extension for WindowsStandalone target not found
Native extension for WebGL target not found
Refreshing native plugins compatible for Editor in 1.14 ms, found 3 plugins.
Preloading 0 native plugins for Editor in 0.00 ms.
Mono: successfully reloaded assembly
- Completed reload, in  8.645 seconds
Domain Reload Profiling:
	ReloadAssembly (8648ms)
		BeginReloadAssembly (792ms)
			ExecutionOrderSort (0ms)
			DisableScriptedObjects (74ms)
			BackupInstance (0ms)
			ReleaseScriptingObjects (0ms)
			CreateAndSetChildDomain (331ms)
		EndReloadAssembly (6720ms)
			LoadAssemblies (796ms)
			RebuildTransferFunctionScriptingTraits (0ms)
			SetupTypeCache (3276ms)
			ReleaseScriptCaches (2ms)
			RebuildScriptCaches (165ms)
			SetupLoadedEditorAssemblies (2127ms)
				LogAssemblyErrors (0ms)
				InitializePlatformSupportModulesInManaged (78ms)
				SetLoadedEditorAssemblies (15ms)
				RefreshPlugins (1ms)
				BeforeProcessingInitializeOnLoad (378ms)
				ProcessInitializeOnLoadAttributes (1550ms)
				ProcessInitializeOnLoadMethodAttributes (86ms)
				AfterProcessingInitializeOnLoad (19ms)
				EditorAssembliesLoaded (0ms)
			ExecutionOrderSort2 (0ms)
			AwakeInstancesAfterBackupRestoration (68ms)
Platform modules already initialized, skipping
Refreshing native plugins compatible for Editor in 2.00 ms, found 3 plugins.
Preloading 0 native plugins for Editor in 0.00 ms.
Unloading 2099 Unused Serialized files (Serialized files now loaded: 0)
System memory in use before: 115.7 MB.
System memory in use after: 115.9 MB.

Unloading 16 unused Assets to reduce memory usage. Loaded Objects now: 2828.
Total: 6.878668 ms (FindLiveObjects: 0.406267 ms CreateObjectMapping: 0.130044 ms MarkObjects: 6.271956 ms  DeleteObjects: 0.062578 ms)

AssetImportParameters requested are different than current active one (requested -> active):
  custom:framework-win-MediaFoundation: 216162199b28c13a410421893ffa2e32 -> 
  custom:video-decoder-ogg-theora: a1e56fd34408186e4bbccfd4996cb3dc -> 
  custom:container-muxer-webm: aa71ff27fc2769a1b78a27578f13a17b -> 
  custom:container-demuxer-webm: 4f35f7cbe854078d1ac9338744f61a02 -> 
  custom:container-demuxer-ogg: 62fdf1f143b41e24485cea50d1cbac27 -> 
  custom:video-encoder-webm-vp8: eb34c28f22e8b96e1ab97ce403110664 -> 
  custom:video-decoder-webm-vp8: 9c59270c3fd7afecdb556c50c9e8de78 -> 
  custom:audio-decoder-ogg-vorbis: bf7c407c2cedff20999df2af8eb42d56 -> 
  custom:audio-encoder-webm-vorbis: bf7c407c2cedff20999df2af8eb42d56 -> 
========================================================================
Received Prepare
Registering precompiled user dll's ...
Registered in 0.008226 seconds.
Begin MonoManager ReloadAssembly
Native extension for WindowsStandalone target not found
Native extension for WebGL target not found
Refreshing native plugins compatible for Editor in 0.81 ms, found 3 plugins.
Preloading 0 native plugins for Editor in 0.00 ms.
Mono: successfully reloaded assembly
- Completed reload, in  3.436 seconds
Domain Reload Profiling:
	ReloadAssembly (3437ms)
		BeginReloadAssembly (421ms)
			ExecutionOrderSort (0ms)
			DisableScriptedObjects (29ms)
			BackupInstance (0ms)
			ReleaseScriptingObjects (0ms)
			CreateAndSetChildDomain (148ms)
		EndReloadAssembly (2779ms)
			LoadAssemblies (247ms)
			RebuildTransferFunctionScriptingTraits (0ms)
			SetupTypeCache (971ms)
			ReleaseScriptCaches (1ms)
			RebuildScriptCaches (115ms)
			SetupLoadedEditorAssemblies (1032ms)
				LogAssemblyErrors (0ms)
				InitializePlatformSupportModulesInManaged (19ms)
				SetLoadedEditorAssemblies (1ms)
				RefreshPlugins (1ms)
				BeforeProcessingInitializeOnLoad (107ms)
				ProcessInitializeOnLoadAttributes (870ms)
				ProcessInitializeOnLoadMethodAttributes (27ms)
				AfterProcessingInitializeOnLoad (7ms)
				EditorAssembliesLoaded (0ms)
			ExecutionOrderSort2 (0ms)
			AwakeInstancesAfterBackupRestoration (54ms)
Platform modules already initialized, skipping
Refreshing native plugins compatible for Editor in 0.76 ms, found 3 plugins.
Preloading 0 native plugins for Editor in 0.00 ms.
Unloading 2099 Unused Serialized files (Serialized files now loaded: 0)
System memory in use before: 115.7 MB.
System memory in use after: 115.9 MB.

Unloading 16 unused Assets to reduce memory usage. Loaded Objects now: 2832.
Total: 6.623468 ms (FindLiveObjects: 0.427778 ms CreateObjectMapping: 0.132489 ms MarkObjects: 6.003556 ms  DeleteObjects: 0.052800 ms)

AssetImportParameters requested are different than current active one (requested -> active):
  custom:framework-win-MediaFoundation: 216162199b28c13a410421893ffa2e32 -> 
  custom:video-decoder-ogg-theora: a1e56fd34408186e4bbccfd4996cb3dc -> 
  custom:container-muxer-webm: aa71ff27fc2769a1b78a27578f13a17b -> 
  custom:container-demuxer-webm: 4f35f7cbe854078d1ac9338744f61a02 -> 
  custom:container-demuxer-ogg: 62fdf1f143b41e24485cea50d1cbac27 -> 
  custom:video-encoder-webm-vp8: eb34c28f22e8b96e1ab97ce403110664 -> 
  custom:video-decoder-webm-vp8: 9c59270c3fd7afecdb556c50c9e8de78 -> 
  custom:audio-decoder-ogg-vorbis: bf7c407c2cedff20999df2af8eb42d56 -> 
  custom:audio-encoder-webm-vorbis: bf7c407c2cedff20999df2af8eb42d56 -> 
AssetImportWorkerClient::OnTransportError - code=2 error=End of file
